{"C:\\Users\\hanni\\Desktop\\pure-functions\\src\\app.js": {"path":"C:\\Users\\hanni\\Desktop\\pure-functions\\src\\app.js","statementMap":{"0":{"start":{"line":2,"column":17},"end":{"line":2,"column":19}},"1":{"start":{"line":3,"column":4},"end":{"line":9,"column":5}},"2":{"start":{"line":4,"column":8},"end":{"line":4,"column":27}},"3":{"start":{"line":5,"column":11},"end":{"line":9,"column":5}},"4":{"start":{"line":6,"column":8},"end":{"line":6,"column":27}},"5":{"start":{"line":8,"column":8},"end":{"line":8,"column":28}},"6":{"start":{"line":10,"column":4},"end":{"line":10,"column":18}}},"fnMap":{"0":{"name":"healthCheck","decl":{"start":{"line":1,"column":24},"end":{"line":1,"column":35}},"loc":{"start":{"line":1,"column":44},"end":{"line":11,"column":1}},"line":1}},"branchMap":{"0":{"loc":{"start":{"line":3,"column":4},"end":{"line":9,"column":5}},"type":"if","locations":[{"start":{"line":3,"column":4},"end":{"line":9,"column":5}},{"start":{"line":5,"column":11},"end":{"line":9,"column":5}}],"line":3},"1":{"loc":{"start":{"line":5,"column":11},"end":{"line":9,"column":5}},"type":"if","locations":[{"start":{"line":5,"column":11},"end":{"line":9,"column":5}},{"start":{"line":7,"column":11},"end":{"line":9,"column":5}}],"line":5}},"s":{"0":3,"1":3,"2":1,"3":2,"4":1,"5":1,"6":3},"f":{"0":3},"b":{"0":[1,2],"1":[1,1]},"_coverageSchema":"1a1c01bbd47fc00a2c39e90264f33305004495a9","hash":"dac088f31a3e724834437d50d28773662ed537a4"}
}
